Name                    Stmts   Miss  Cover   Missing
-----------------------------------------------------
__init__.py                 0      0   100%
src/__init__.py             0      0   100%
src/score.py               43     22    49%   13-15, 20-37, 56-68, 72
testing/test_app.py        30      3    90%   35, 37, 39
testing/test_score.py      61     11    82%   31-32, 43, 45, 49, 61, 71, 79, 89, 97, 103
-----------------------------------------------------
TOTAL                     134     36    73%
